loading the DNA methylation data... 
Finished loading the DNA mthylation data... 
loading the species metadata... 
Finished loading the species metadata... 
Processing species: Acinonyx jubatus 
Processing species: Aonyx cinereus 
Processing species: Apodemus sylvaticus 
Processing species: Bos taurus 
Processing species: Callithrix jacchus 
Processing species: Canis lupus familiaris 
Processing species: Capreolus capreolus 
Processing species: Ceratotherium simum simum 
Processing species: Cervus canadensis 
Processing species: Cervus elaphus 
Processing species: Chlorocebus sabaeus 
Processing species: Delphinapterus leucas 
Processing species: Elephas maximus 
Processing species: Equus caballus 
Processing species: Equus quagga 
Processing species: Felis catus 
Processing species: Heterocephalus glaber 
Processing species: Homo sapiens 
Processing species: Lagenorhynchus obliquidens 
Processing species: Loxodonta africana 
Processing species: Macaca mulatta 
Processing species: Macropus giganteus 
Processing species: Marmota flaviventris 
Processing species: Mus musculus 
Processing species: Odobenus rosmarus divergens 
Processing species: Orcinus orca 
Processing species: Osphranter rufus 
Processing species: Ovis aries 
Processing species: Phoca vitulina 
Processing species: Rattus norvegicus 
Processing species: Sus scrofa 
Processing species: Sus scrofa domesticus 
Processing species: Tursiops truncatus 
Processing species: Zalophus californianus 
